SF:lib/data/datasources/tv_series_remote_data_source.dart
DA:22,1
DA:25,1
DA:26,4
DA:28,2
DA:29,4
DA:31,1
DA:36,1
DA:37,5
DA:38,2
DA:39,3
DA:41,1
DA:46,1
DA:47,5
DA:48,2
DA:49,4
DA:51,1
DA:56,1
DA:57,4
DA:58,2
DA:59,4
DA:61,1
DA:66,1
DA:67,4
DA:68,2
DA:69,4
DA:71,1
DA:76,1
DA:77,5
DA:79,2
DA:80,4
DA:82,1
DA:87,1
DA:88,5
DA:90,2
DA:91,4
DA:93,1
LF:36
LH:36
end_of_record
SF:lib/data/models/episode_response.dart
DA:5,3
DA:25,4
DA:26,2
DA:27,2
DA:28,10
DA:29,2
DA:30,2
DA:31,2
DA:32,2
DA:33,2
DA:36,2
DA:37,1
DA:38,1
DA:39,5
DA:40,1
DA:41,1
DA:42,1
DA:43,1
DA:44,1
DA:47,1
DA:48,1
DA:49,1
DA:50,1
DA:51,1
DA:52,1
DA:53,1
DA:54,1
DA:55,1
DA:56,1
LF:29
LH:29
end_of_record
SF:lib/data/models/tv_series_detail_model.dart
DA:6,2
DA:34,2
DA:35,1
DA:36,1
DA:37,1
DA:38,5
DA:39,1
DA:40,1
DA:41,1
DA:42,1
DA:43,1
DA:44,1
DA:45,1
DA:46,1
DA:49,2
DA:50,1
DA:51,4
DA:52,1
DA:53,5
DA:54,1
DA:55,1
DA:56,1
DA:57,1
DA:58,1
DA:59,1
DA:60,1
DA:61,1
DA:64,0
DA:65,0
DA:66,0
DA:67,0
DA:68,0
DA:69,0
DA:70,0
DA:71,0
DA:72,0
DA:73,0
DA:74,0
DA:75,0
DA:76,0
DA:79,1
DA:80,1
DA:81,1
DA:82,1
DA:83,1
DA:84,1
DA:85,1
DA:86,1
DA:87,1
DA:88,1
DA:89,1
DA:90,1
DA:91,1
DA:92,1
LF:54
LH:41
end_of_record
SF:lib/data/models/tv_series_response.dart
DA:6,3
DA:12,4
DA:13,10
DA:16,2
DA:17,5
DA:20,1
DA:21,2
LF:7
LH:7
end_of_record
SF:lib/data/datasources/db/tv_database_helper.dart
DA:8,0
DA:12,0
DA:16,0
DA:17,0
DA:23,0
DA:24,0
DA:25,0
DA:27,0
DA:31,0
DA:32,0
DA:39,0
DA:42,0
DA:43,0
DA:44,0
DA:47,0
DA:48,0
DA:49,0
DA:52,0
DA:56,0
DA:57,0
DA:58,0
DA:61,0
DA:64,0
DA:65,0
DA:71,0
DA:72,0
DA:73,0
LF:27
LH:0
end_of_record
SF:lib/domain/entities/episode.dart
DA:4,13
DA:26,3
DA:27,3
DA:28,3
DA:29,3
DA:30,3
DA:31,3
DA:32,3
DA:33,3
DA:34,3
DA:35,3
DA:36,3
LF:12
LH:12
end_of_record
SF:lib/domain/entities/tv_series.dart
DA:5,6
DA:21,1
DA:42,6
DA:43,6
DA:44,6
DA:45,6
DA:46,6
DA:47,6
DA:48,6
DA:49,6
DA:50,6
DA:51,6
DA:52,6
DA:53,6
DA:54,6
DA:55,6
DA:56,6
LF:17
LH:17
end_of_record
SF:lib/domain/entities/tv_series_detail.dart
DA:5,10
DA:33,2
DA:34,2
DA:35,2
DA:36,2
DA:37,2
DA:38,2
DA:39,2
DA:40,2
DA:41,2
DA:42,2
DA:43,2
DA:44,2
DA:45,2
LF:14
LH:14
end_of_record
SF:lib/data/datasources/tv_series_local_data_source.dart
DA:15,1
DA:18,1
DA:19,3
DA:21,1
DA:28,1
DA:29,3
DA:30,4
DA:34,1
DA:36,2
DA:39,2
DA:44,1
DA:46,3
DA:49,2
LF:13
LH:13
end_of_record
SF:lib/domain/usecases/get_popular_tv_series.dart
DA:9,1
DA:11,1
DA:12,2
LF:3
LH:3
end_of_record
SF:lib/domain/usecases/get_on_the_air_tv_series.dart
DA:9,1
DA:11,1
DA:12,2
LF:3
LH:3
end_of_record
SF:lib/domain/usecases/get_top_rated_tv.dart
DA:9,1
DA:11,1
DA:12,2
LF:3
LH:3
end_of_record
SF:lib/domain/usecases/get_tv_series_detail.dart
DA:9,1
DA:10,1
DA:11,2
LF:3
LH:3
end_of_record
SF:lib/domain/usecases/get_tv_series_recommendation.dart
DA:8,1
DA:9,1
DA:10,2
LF:3
LH:3
end_of_record
SF:lib/domain/usecases/get_tv_episode.dart
DA:9,1
DA:11,1
DA:12,2
LF:3
LH:3
end_of_record
SF:lib/data/models/tv_series_table.dart
DA:11,11
DA:18,2
DA:19,1
DA:20,1
DA:21,1
DA:22,1
DA:25,2
DA:26,1
DA:27,1
DA:28,1
DA:29,1
DA:32,0
DA:33,0
DA:34,0
DA:35,0
DA:36,0
DA:39,2
DA:40,1
DA:41,1
DA:42,1
DA:43,1
DA:46,2
DA:47,10
LF:23
LH:18
end_of_record
SF:lib/data/models/episode_model.dart
DA:5,5
DA:27,4
DA:28,2
DA:29,2
DA:30,2
DA:31,2
DA:32,2
DA:33,2
DA:34,2
DA:35,4
DA:36,2
DA:39,2
DA:40,1
DA:41,1
DA:42,1
DA:43,1
DA:44,1
DA:45,1
DA:46,1
DA:47,1
DA:48,1
DA:51,2
DA:52,2
DA:53,18
DA:56,2
DA:57,2
DA:58,2
DA:59,2
DA:60,2
DA:61,2
DA:62,2
DA:63,2
DA:64,2
DA:65,2
DA:66,2
LF:35
LH:35
end_of_record
SF:lib/data/models/tv_series_model.dart
DA:5,5
DA:35,4
DA:36,2
DA:37,2
DA:38,8
DA:39,2
DA:40,2
DA:41,8
DA:42,2
DA:43,2
DA:44,2
DA:45,4
DA:46,2
DA:47,4
DA:48,2
DA:51,2
DA:52,1
DA:53,1
DA:54,4
DA:55,1
DA:56,1
DA:57,4
DA:58,1
DA:59,1
DA:60,1
DA:61,1
DA:62,1
DA:63,1
DA:64,1
DA:67,2
DA:68,2
DA:69,2
DA:70,2
DA:71,2
DA:72,2
DA:73,2
DA:74,2
DA:75,2
DA:76,2
DA:77,2
DA:78,2
DA:79,2
DA:80,2
DA:81,2
DA:85,2
DA:86,2
DA:87,2
DA:88,2
DA:89,2
DA:90,2
DA:91,2
DA:92,2
DA:93,2
DA:94,2
DA:95,2
DA:96,2
DA:97,2
DA:98,2
DA:99,2
LF:59
LH:59
end_of_record
SF:lib/data/repositories/tv_series_repository_impl.dart
DA:16,1
DA:19,1
DA:20,3
DA:22,3
DA:23,5
DA:24,1
DA:32,1
DA:33,3
DA:35,3
DA:36,2
DA:37,1
DA:45,1
DA:46,3
DA:48,3
DA:49,5
DA:50,1
DA:58,1
DA:59,3
DA:61,3
DA:62,3
DA:63,1
DA:71,1
DA:72,3
DA:74,3
DA:75,5
DA:76,1
DA:84,1
DA:85,3
DA:87,3
DA:88,5
DA:89,1
DA:97,1
DA:98,3
DA:100,3
DA:102,5
DA:103,1
DA:111,1
DA:112,3
DA:113,5
DA:117,1
DA:118,3
DA:123,1
DA:125,4
DA:126,1
DA:127,1
DA:128,3
DA:135,1
DA:137,4
DA:138,1
DA:139,1
DA:140,3
LF:51
LH:51
end_of_record
SF:lib/presentation/bloc/state/popular_tv_state.dart
DA:4,2
DA:6,1
DA:7,1
DA:17,1
DA:19,1
DA:20,2
DA:26,2
DA:28,1
DA:29,2
LF:9
LH:9
end_of_record
SF:lib/presentation/bloc/popular_tv_bloc.dart
DA:12,3
DA:13,2
DA:14,2
DA:15,3
DA:16,2
DA:17,2
DA:18,1
DA:19,2
LF:8
LH:8
end_of_record
SF:lib/presentation/bloc/event/popular_tv_event.dart
DA:4,1
DA:6,0
DA:7,0
LF:3
LH:1
end_of_record
SF:lib/presentation/bloc/event/top_rated_tv_event.dart
DA:4,1
DA:6,0
DA:7,0
LF:3
LH:1
end_of_record
SF:lib/presentation/bloc/top_rated_tv_bloc.dart
DA:12,3
DA:13,2
DA:14,2
DA:15,3
DA:16,2
DA:17,2
DA:18,1
DA:19,2
LF:8
LH:8
end_of_record
SF:lib/presentation/bloc/state/top_rated_tv_state.dart
DA:4,2
DA:6,1
DA:7,1
DA:17,1
DA:19,1
DA:20,2
DA:26,2
DA:28,1
DA:29,2
LF:9
LH:9
end_of_record
SF:lib/presentation/bloc/event/on_air_tv_event.dart
DA:4,1
DA:6,0
DA:7,0
LF:3
LH:1
end_of_record
SF:lib/presentation/bloc/state/on_air_tv_state.dart
DA:4,2
DA:6,1
DA:7,1
DA:17,1
DA:19,1
DA:20,2
DA:26,2
DA:28,1
DA:29,2
LF:9
LH:9
end_of_record
SF:lib/presentation/bloc/on_air_tv_bloc.dart
DA:12,3
DA:13,2
DA:14,2
DA:15,3
DA:16,2
DA:17,2
DA:18,1
DA:19,2
LF:8
LH:8
end_of_record
SF:lib/presentation/bloc/state/recommendation_tv_state.dart
DA:4,2
DA:6,1
DA:7,1
DA:17,1
DA:19,1
DA:20,2
DA:26,2
DA:28,1
DA:29,2
LF:9
LH:9
end_of_record
SF:lib/presentation/bloc/event/recommendation_tv_event.dart
DA:4,1
DA:6,0
DA:7,0
DA:13,1
DA:14,0
DA:15,0
LF:6
LH:2
end_of_record
SF:lib/presentation/bloc/recommendation_tv_bloc.dart
DA:12,3
DA:13,2
DA:14,1
DA:15,2
DA:16,3
DA:17,2
DA:18,2
DA:19,1
DA:20,2
LF:9
LH:9
end_of_record
SF:lib/presentation/bloc/state/episode_state.dart
DA:4,2
DA:6,1
DA:7,1
DA:17,1
DA:19,1
DA:20,2
DA:26,2
DA:28,1
DA:29,2
LF:9
LH:9
end_of_record
SF:lib/presentation/bloc/event/episode_event.dart
DA:4,1
DA:6,0
DA:7,0
DA:14,1
DA:16,0
DA:17,0
LF:6
LH:2
end_of_record
SF:lib/presentation/bloc/episode_bloc.dart
DA:12,3
DA:13,2
DA:14,1
DA:15,1
DA:17,2
DA:18,3
DA:19,2
DA:20,2
DA:21,1
DA:22,2
LF:10
LH:10
end_of_record
SF:lib/presentation/bloc/event/tv_detail_event.dart
DA:4,1
DA:6,0
DA:7,0
DA:13,1
DA:15,0
DA:16,0
LF:6
LH:2
end_of_record
SF:lib/presentation/bloc/state/tv_detail_state.dart
DA:4,2
DA:6,1
DA:7,1
DA:17,2
DA:19,1
DA:20,2
DA:26,2
DA:28,1
DA:29,2
LF:9
LH:9
end_of_record
SF:lib/presentation/bloc/tv_detail_bloc.dart
DA:12,3
DA:13,2
DA:14,1
DA:16,2
DA:17,3
DA:18,2
DA:19,2
DA:20,1
DA:21,2
LF:9
LH:9
end_of_record
