SF:lib/domain/usecases/get_tv_watchlist_status.dart
DA:6,1
DA:8,1
DA:9,2
LF:3
LH:3
end_of_record
SF:lib/domain/usecases/get_watchlist_movies.dart
DA:9,1
DA:11,1
DA:12,2
LF:3
LH:3
end_of_record
SF:lib/domain/usecases/get_watchlist_status.dart
DA:6,1
DA:8,1
DA:9,2
LF:3
LH:3
end_of_record
SF:lib/domain/usecases/get_watchlist_tv.dart
DA:8,1
DA:10,1
DA:11,2
LF:3
LH:3
end_of_record
SF:lib/domain/usecases/remove_tv_watchlist.dart
DA:9,1
DA:11,1
DA:12,2
LF:3
LH:3
end_of_record
SF:lib/domain/usecases/remove_watchlist.dart
DA:9,1
DA:11,1
DA:12,2
LF:3
LH:3
end_of_record
SF:lib/domain/usecases/save_tv_watchlist.dart
DA:9,1
DA:11,1
DA:12,2
LF:3
LH:3
end_of_record
SF:lib/domain/usecases/save_watchlist.dart
DA:9,1
DA:11,1
DA:12,2
LF:3
LH:3
end_of_record
SF:lib/presentation/bloc/watchlist_movie_state.dart
DA:4,2
DA:6,1
DA:7,1
DA:17,1
DA:19,1
DA:20,2
DA:26,2
DA:28,1
DA:29,2
DA:35,2
DA:37,1
DA:38,2
DA:44,2
DA:46,1
DA:47,2
LF:15
LH:15
end_of_record
SF:lib/presentation/bloc/watchlist_movie_event.dart
DA:4,2
DA:6,0
DA:7,0
DA:13,1
DA:15,0
DA:16,0
DA:22,1
DA:24,0
DA:25,0
DA:33,1
DA:35,0
DA:36,0
LF:12
LH:4
end_of_record
SF:lib/presentation/bloc/watchlist_movie_bloc.dart
DA:16,3
DA:17,2
DA:18,2
DA:19,3
DA:21,2
DA:22,2
DA:23,1
DA:24,2
DA:27,2
DA:28,1
DA:29,2
DA:31,3
DA:32,2
DA:33,2
DA:34,1
DA:35,2
DA:38,2
DA:39,1
DA:40,2
DA:41,3
DA:42,2
DA:43,2
DA:44,1
DA:45,2
DA:48,2
DA:49,1
DA:50,2
DA:51,3
DA:52,2
LF:29
LH:29
end_of_record
SF:lib/presentation/bloc/watchlist_tv_state.dart
DA:4,2
DA:6,1
DA:7,1
DA:17,1
DA:19,1
DA:20,2
DA:26,2
DA:28,1
DA:29,2
DA:35,2
DA:37,1
DA:38,2
DA:44,2
DA:46,1
DA:47,2
LF:15
LH:15
end_of_record
SF:lib/presentation/bloc/watchlist_tv_event.dart
DA:4,2
DA:6,0
DA:7,0
DA:13,1
DA:15,0
DA:16,0
DA:22,1
DA:24,0
DA:25,0
DA:33,1
DA:35,0
DA:36,0
LF:12
LH:4
end_of_record
SF:lib/presentation/bloc/watchlist_tv_bloc.dart
DA:18,3
DA:19,2
DA:20,2
DA:21,3
DA:23,2
DA:24,2
DA:25,1
DA:26,2
DA:29,2
DA:30,1
DA:31,2
DA:33,3
DA:34,2
DA:35,2
DA:36,1
DA:37,2
DA:40,2
DA:41,1
DA:42,2
DA:43,3
DA:44,2
DA:45,2
DA:46,1
DA:47,2
DA:50,2
DA:51,1
DA:52,2
DA:53,3
DA:54,2
LF:29
LH:29
end_of_record
SF:lib/presentation/pages/watchlist_movies_page.dart
DA:9,6
DA:11,0
DA:12,0
DA:16,0
DA:18,0
DA:22,0
DA:24,0
DA:25,0
DA:28,0
DA:30,0
DA:33,0
DA:35,0
DA:36,0
DA:38,0
DA:39,0
DA:40,0
DA:41,0
DA:45,0
DA:46,0
DA:47,0
DA:48,0
DA:49,0
DA:50,0
DA:59,0
DA:61,0
DA:62,0
LF:26
LH:1
end_of_record
SF:lib/presentation/pages/watchlist_page.dart
DA:8,0
DA:10,0
DA:12,0
DA:14,0
DA:15,0
DA:17,0
DA:18,0
LF:7
LH:0
end_of_record
SF:lib/presentation/pages/watchlist_tv_page.dart
DA:9,6
DA:11,0
DA:12,0
DA:16,0
DA:18,0
DA:22,0
DA:24,0
DA:25,0
DA:28,0
DA:31,0
DA:34,0
DA:36,0
DA:37,0
DA:39,0
DA:40,0
DA:41,0
DA:42,0
DA:46,0
DA:47,0
DA:48,0
DA:49,0
DA:50,0
DA:51,0
LF:23
LH:1
end_of_record
