SF:lib\features\movies\data\models\movie_table.dart
DA:12,2
DA:19,2
DA:20,1
DA:21,1
DA:22,1
DA:23,1
DA:26,2
DA:27,1
DA:28,1
DA:29,1
DA:30,1
DA:32,2
DA:33,1
DA:34,1
DA:35,1
DA:36,1
DA:39,0
DA:40,0
DA:41,0
DA:42,0
DA:43,0
DA:46,2
DA:47,1
DA:48,1
DA:49,1
DA:50,1
DA:53,2
DA:55,10
LF:28
LH:23
end_of_record
SF:lib\features\movies\domain\entities\genre.dart
DA:4,12
DA:12,2
DA:13,6
LF:3
LH:3
end_of_record
SF:lib\features\movies\domain\entities\movie.dart
DA:4,8
DA:20,2
DA:41,2
DA:42,2
DA:43,2
DA:44,2
DA:45,2
DA:46,2
DA:47,2
DA:48,2
DA:49,2
DA:50,2
DA:51,2
DA:52,2
DA:53,2
DA:54,2
DA:55,2
LF:17
LH:17
end_of_record
SF:lib\features\movies\domain\entities\movie_detail.dart
DA:5,6
DA:33,1
DA:34,1
DA:35,1
DA:36,1
DA:37,1
DA:38,1
DA:39,1
DA:40,1
DA:41,1
DA:42,1
DA:43,1
DA:44,1
DA:45,1
LF:14
LH:14
end_of_record
SF:lib\features\tv_series\data\models\tv_series_table.dart
DA:11,2
DA:18,2
DA:19,1
DA:20,1
DA:21,1
DA:22,1
DA:25,2
DA:26,1
DA:27,1
DA:28,1
DA:29,1
DA:32,0
DA:33,0
DA:34,0
DA:35,0
DA:36,0
DA:39,2
DA:40,1
DA:41,1
DA:42,1
DA:43,1
DA:46,2
DA:48,10
LF:23
LH:18
end_of_record
SF:lib\features\tv_series\domain\entities\tv_series.dart
DA:4,6
DA:20,2
DA:41,2
DA:42,2
DA:43,2
DA:44,2
DA:45,2
DA:46,2
DA:47,2
DA:48,2
DA:49,2
DA:50,2
DA:51,2
DA:52,2
DA:53,2
DA:54,2
DA:55,2
LF:17
LH:17
end_of_record
SF:lib\features\tv_series\domain\entities\tv_series_detail.dart
DA:5,6
DA:33,1
DA:34,1
DA:35,1
DA:36,1
DA:37,1
DA:38,1
DA:39,1
DA:40,1
DA:41,1
DA:42,1
DA:43,1
DA:44,1
DA:45,1
LF:14
LH:14
end_of_record
SF:lib\common\exception.dart
DA:6,4
DA:12,1
LF:2
LH:2
end_of_record
SF:lib\features\movies\data\datasources\movie_local_data_source.dart
DA:18,1
DA:21,1
DA:23,3
DA:26,2
DA:31,1
DA:33,3
DA:36,2
DA:41,1
DA:42,3
DA:44,1
DA:51,1
DA:52,3
DA:53,4
DA:57,1
DA:58,3
DA:59,3
DA:63,1
DA:64,3
DA:65,2
DA:66,4
DA:68,1
LF:21
LH:21
end_of_record
SF:lib\common\failure.dart
DA:6,14
DA:8,2
DA:9,4
DA:13,24
DA:17,2
DA:21,12
DA:25,0
LF:7
LH:6
end_of_record
SF:lib\common\network_info.dart
DA:11,0
DA:13,0
DA:14,0
LF:3
LH:0
end_of_record
SF:lib\common\state_enum.dart
DA:1,50
LF:1
LH:1
end_of_record
SF:lib\features\movies\data\datasources\db\movie_database_helper.dart
DA:8,0
DA:12,0
DA:13,0
DA:17,0
DA:19,0
DA:27,0
DA:28,0
DA:29,0
DA:31,0
DA:35,0
DA:36,0
DA:43,0
DA:45,0
DA:53,0
DA:56,0
DA:58,0
DA:59,0
DA:60,0
DA:61,0
DA:62,0
DA:63,0
DA:68,0
DA:69,0
DA:70,0
DA:71,0
DA:75,0
DA:76,0
DA:77,0
DA:80,0
DA:84,0
DA:85,0
DA:86,0
DA:89,0
DA:90,0
DA:91,0
DA:94,0
DA:98,0
DA:99,0
DA:100,0
DA:103,0
DA:106,0
DA:107,0
DA:113,0
DA:114,0
DA:115,0
LF:45
LH:0
end_of_record
SF:lib\features\movies\data\datasources\movie_remote_data_source.dart
DA:25,1
DA:28,1
DA:30,5
DA:32,2
DA:33,4
DA:35,1
DA:40,1
DA:42,5
DA:44,2
DA:45,3
DA:47,1
DA:52,1
DA:53,2
DA:54,3
DA:56,2
DA:57,4
DA:59,1
DA:64,1
DA:66,5
DA:68,2
DA:69,4
DA:71,1
DA:76,1
DA:78,5
DA:80,2
DA:81,4
DA:83,1
DA:88,1
DA:89,2
DA:90,3
DA:92,2
DA:93,4
DA:95,1
LF:33
LH:33
end_of_record
SF:lib\features\movies\data\models\movie_detail_model.dart
DA:6,2
DA:52,1
DA:53,1
DA:54,1
DA:55,1
DA:56,1
DA:57,1
DA:58,4
DA:59,1
DA:60,1
DA:61,1
DA:62,1
DA:63,1
DA:64,1
DA:65,2
DA:66,1
DA:67,1
DA:68,1
DA:69,1
DA:70,1
DA:71,1
DA:72,1
DA:73,1
DA:74,2
DA:75,1
DA:78,0
DA:79,0
DA:80,0
DA:81,0
DA:82,0
DA:83,0
DA:84,0
DA:85,0
DA:86,0
DA:87,0
DA:88,0
DA:89,0
DA:90,0
DA:91,0
DA:92,0
DA:93,0
DA:94,0
DA:95,0
DA:96,0
DA:97,0
DA:98,0
DA:99,0
DA:102,1
DA:103,1
DA:104,1
DA:105,1
DA:106,5
DA:107,1
DA:108,1
DA:109,1
DA:110,1
DA:111,1
DA:112,1
DA:113,1
DA:114,1
DA:115,1
DA:119,1
DA:120,1
DA:121,1
DA:122,1
DA:123,1
DA:124,1
DA:125,1
DA:126,1
DA:127,1
DA:128,1
DA:129,1
DA:130,1
DA:131,1
DA:132,1
DA:133,1
DA:134,1
DA:135,1
DA:136,1
DA:137,1
DA:138,1
DA:139,1
DA:140,1
DA:141,1
LF:84
LH:62
end_of_record
SF:lib\features\movies\data\models\movie_model.dart
DA:5,4
DA:35,4
DA:36,2
DA:37,2
DA:38,8
DA:39,2
DA:40,2
DA:41,2
DA:42,4
DA:43,2
DA:44,2
DA:45,2
DA:46,2
DA:47,4
DA:48,2
DA:51,2
DA:52,1
DA:53,1
DA:54,4
DA:55,1
DA:56,1
DA:57,1
DA:58,1
DA:59,1
DA:60,1
DA:61,1
DA:62,1
DA:63,1
DA:64,1
DA:67,2
DA:68,2
DA:69,2
DA:70,2
DA:71,2
DA:72,2
DA:73,2
DA:74,2
DA:75,2
DA:76,2
DA:77,2
DA:78,2
DA:79,2
DA:80,2
DA:81,2
DA:85,2
DA:86,2
DA:87,2
DA:88,2
DA:89,2
DA:90,2
DA:91,2
DA:92,2
DA:93,2
DA:94,2
DA:95,2
DA:96,2
DA:97,2
DA:98,2
DA:99,2
LF:59
LH:59
end_of_record
SF:lib\features\movies\domain\usecases\get_movie_detail.dart
DA:9,1
DA:11,1
DA:12,2
LF:3
LH:3
end_of_record
SF:lib\features\movies\domain\usecases\get_movie_recommendations.dart
DA:9,1
DA:11,1
DA:12,2
LF:3
LH:3
end_of_record
SF:lib\features\movies\domain\usecases\get_now_playing_movies.dart
DA:9,1
DA:11,1
DA:12,2
LF:3
LH:3
end_of_record
SF:lib\features\movies\domain\usecases\get_popular_movies.dart
DA:9,1
DA:11,1
DA:12,2
LF:3
LH:3
end_of_record
SF:lib\features\movies\domain\usecases\get_top_rated_movies.dart
DA:9,1
DA:11,1
DA:12,2
LF:3
LH:3
end_of_record
SF:lib\features\movies\presentation\provider\movie_detail_notifier.dart
DA:19,1
DA:28,2
DA:31,2
DA:34,2
DA:37,2
DA:40,2
DA:43,2
DA:45,1
DA:46,1
DA:47,1
DA:48,3
DA:49,3
DA:50,1
DA:51,1
DA:52,1
DA:53,2
DA:54,1
DA:56,1
DA:57,1
DA:58,1
DA:59,1
DA:60,1
DA:61,1
DA:62,1
DA:63,2
DA:65,1
DA:66,1
DA:67,1
DA:70,1
DA:71,1
DA:77,2
DA:79,1
DA:80,3
DA:82,2
DA:83,1
DA:84,2
DA:86,1
DA:87,1
DA:91,3
DA:94,1
DA:95,3
DA:97,2
DA:98,0
DA:99,0
DA:101,1
DA:102,1
DA:106,3
DA:109,1
DA:110,3
DA:111,1
DA:112,1
LF:51
LH:49
end_of_record
SF:lib\features\movies\presentation\provider\popular_movies_notifier.dart
DA:9,1
DA:12,2
DA:15,2
DA:18,2
DA:20,1
DA:21,1
DA:22,1
DA:24,3
DA:26,1
DA:27,1
DA:28,2
DA:29,1
DA:30,1
DA:32,1
DA:33,1
DA:34,1
DA:35,1
LF:17
LH:17
end_of_record
SF:lib\features\movies\presentation\provider\top_rated_movies_notifier.dart
DA:9,1
DA:12,2
DA:15,2
DA:18,2
DA:20,1
DA:21,1
DA:22,1
DA:24,3
DA:26,1
DA:27,1
DA:28,2
DA:29,1
DA:30,1
DA:32,1
DA:33,1
DA:34,1
DA:35,1
LF:17
LH:17
end_of_record
SF:lib\features\search\domain\usecases\search_movies.dart
DA:9,1
DA:11,1
DA:12,2
LF:3
LH:3
end_of_record
SF:lib\features\tv_series\data\datasources\db\tv_database_helper.dart
DA:6,0
DA:10,0
DA:14,0
DA:16,0
DA:23,0
DA:24,0
DA:25,0
DA:27,0
DA:31,0
DA:32,0
DA:39,0
DA:42,0
DA:43,0
DA:44,0
DA:47,0
DA:48,0
DA:49,0
DA:52,0
DA:56,0
DA:57,0
DA:58,0
DA:61,0
DA:64,0
DA:65,0
DA:71,0
DA:72,0
DA:73,0
LF:27
LH:0
end_of_record
SF:lib\features\tv_series\data\datasources\tv_series_local_data_source.dart
DA:15,1
DA:18,1
DA:19,3
DA:21,1
DA:28,1
DA:29,3
DA:30,4
DA:34,1
DA:36,2
DA:39,2
DA:44,1
DA:46,3
DA:49,2
LF:13
LH:13
end_of_record
SF:lib\features\tv_series\data\datasources\tv_series_remote_data_source.dart
DA:26,1
DA:29,1
DA:30,4
DA:32,2
DA:33,4
DA:35,1
DA:40,1
DA:41,5
DA:42,2
DA:43,3
DA:45,1
DA:50,1
DA:51,5
DA:52,2
DA:53,4
DA:55,1
DA:60,1
DA:61,4
DA:62,2
DA:63,4
DA:65,1
DA:70,1
DA:71,5
DA:73,2
DA:74,4
DA:76,1
DA:81,1
DA:82,5
DA:84,2
DA:85,4
DA:87,1
LF:31
LH:31
end_of_record
SF:lib\features\tv_series\data\models\episode_model.dart
DA:5,4
DA:27,4
DA:28,2
DA:29,2
DA:30,2
DA:31,2
DA:32,2
DA:33,2
DA:34,2
DA:35,4
DA:36,2
DA:39,2
DA:40,1
DA:41,1
DA:42,1
DA:43,1
DA:44,1
DA:45,1
DA:46,1
DA:47,1
DA:48,1
DA:51,2
DA:52,2
DA:53,2
DA:54,2
DA:55,2
DA:56,2
DA:57,2
DA:58,2
DA:59,2
DA:60,2
DA:61,2
DA:64,2
DA:65,2
DA:66,2
DA:67,2
DA:68,2
DA:69,2
DA:70,2
DA:71,2
DA:72,2
DA:73,2
DA:74,2
LF:43
LH:43
end_of_record
SF:lib\features\tv_series\data\models\tv_series_detail_model.dart
DA:6,2
DA:34,2
DA:35,1
DA:36,1
DA:37,1
DA:38,5
DA:39,1
DA:40,1
DA:41,1
DA:42,1
DA:43,1
DA:44,1
DA:45,1
DA:46,1
DA:49,1
DA:50,1
DA:51,1
DA:52,4
DA:53,1
DA:54,1
DA:55,4
DA:56,1
DA:57,1
DA:58,1
DA:59,1
DA:60,1
DA:61,1
DA:62,1
DA:63,1
DA:66,0
DA:67,0
DA:68,0
DA:69,0
DA:70,0
DA:71,0
DA:72,0
DA:73,0
DA:74,0
DA:75,0
DA:76,0
DA:77,0
DA:78,0
DA:81,1
DA:82,1
DA:83,1
DA:84,1
DA:85,1
DA:86,1
DA:87,1
DA:88,1
DA:89,1
DA:90,1
DA:91,1
DA:92,1
DA:93,1
DA:94,1
LF:56
LH:43
end_of_record
SF:lib\features\tv_series\data\models\tv_series_model.dart
DA:5,4
DA:35,4
DA:37,4
DA:38,2
DA:39,8
DA:40,2
DA:41,2
DA:42,8
DA:43,2
DA:44,2
DA:45,2
DA:46,4
DA:47,4
DA:48,4
DA:49,2
DA:52,2
DA:53,2
DA:54,1
DA:55,4
DA:56,1
DA:57,1
DA:58,4
DA:59,1
DA:60,1
DA:61,1
DA:62,1
DA:63,2
DA:64,1
DA:65,1
DA:68,2
DA:69,2
DA:70,2
DA:71,2
DA:72,2
DA:73,2
DA:74,2
DA:75,2
DA:76,2
DA:77,2
DA:78,2
DA:79,2
DA:80,2
DA:81,2
DA:82,2
DA:86,2
DA:87,2
DA:88,2
DA:89,2
DA:90,2
DA:91,2
DA:92,2
DA:93,2
DA:94,2
DA:95,2
DA:96,2
DA:97,2
DA:98,2
DA:99,2
DA:100,2
LF:59
LH:59
end_of_record
SF:lib\features\tv_series\domain\entities\episode.dart
DA:4,3
DA:26,2
DA:27,2
DA:28,2
DA:29,2
DA:30,2
DA:31,2
DA:32,2
DA:33,2
DA:34,2
DA:35,2
DA:36,2
LF:12
LH:12
end_of_record
SF:lib\features\tv_series\domain\usecases\get_on_the_air_tv_series.dart
DA:9,1
DA:11,1
DA:12,2
LF:3
LH:3
end_of_record
SF:lib\features\tv_series\domain\usecases\get_popular_tv_series.dart
DA:9,1
DA:11,1
DA:12,2
LF:3
LH:3
end_of_record
SF:lib\features\tv_series\domain\usecases\get_tv_episode.dart
DA:9,1
DA:11,1
DA:12,2
LF:3
LH:3
end_of_record
SF:lib\features\tv_series\domain\usecases\get_tv_series_detail.dart
DA:9,1
DA:10,1
DA:11,2
LF:3
LH:3
end_of_record
SF:lib\features\tv_series\domain\usecases\get_tv_series_recommendation.dart
DA:8,1
DA:9,1
DA:10,2
LF:3
LH:3
end_of_record
SF:lib\features\tv_series\domain\usecases\get_tv_watchlist_status.dart
DA:6,1
DA:8,1
DA:9,2
LF:3
LH:3
end_of_record
SF:lib\features\tv_series\domain\usecases\get_watchlist_tv.dart
DA:8,1
DA:10,1
DA:11,2
LF:3
LH:3
end_of_record
SF:lib\features\tv_series\domain\usecases\remove_tv_watchlist.dart
DA:9,1
DA:11,1
DA:12,2
LF:3
LH:3
end_of_record
SF:lib\features\tv_series\domain\usecases\save_tv_watchlist.dart
DA:9,1
DA:11,1
DA:12,2
LF:3
LH:3
end_of_record
SF:lib\features\tv_series\presentation\providers\on_air_tv_series_notifier.dart
DA:9,1
DA:12,2
DA:15,2
DA:18,2
DA:20,1
DA:21,1
DA:22,1
DA:24,3
DA:26,2
DA:27,2
DA:28,1
DA:29,1
DA:30,1
DA:31,1
DA:32,1
DA:33,1
LF:16
LH:16
end_of_record
SF:lib\features\tv_series\presentation\providers\popular_tv_series_notifier.dart
DA:9,1
DA:12,2
DA:15,2
DA:18,2
DA:20,1
DA:21,1
DA:22,1
DA:23,3
DA:24,2
DA:25,2
DA:26,1
DA:27,1
DA:28,1
DA:29,1
DA:30,1
DA:31,1
LF:16
LH:16
end_of_record
SF:lib\features\tv_series\presentation\providers\tv_episode_notifier.dart
DA:9,1
DA:12,2
DA:15,2
DA:18,2
DA:20,1
DA:21,1
DA:22,1
DA:23,3
DA:25,2
DA:26,1
DA:27,2
DA:28,1
DA:29,1
DA:30,1
DA:31,1
DA:32,1
LF:16
LH:16
end_of_record
SF:lib\features\tv_series\presentation\providers\tv_series_detail_notifier.dart
DA:18,1
DA:26,2
DA:28,0
DA:29,2
DA:32,2
DA:35,2
DA:38,2
DA:41,2
DA:44,2
DA:46,1
DA:47,1
DA:48,1
DA:49,3
DA:50,3
DA:52,2
DA:53,1
DA:54,2
DA:55,1
DA:56,1
DA:57,1
DA:58,1
DA:59,1
DA:60,2
DA:61,1
DA:62,2
DA:63,1
DA:64,1
DA:65,1
DA:67,1
DA:69,1
DA:73,1
DA:74,3
DA:75,2
DA:76,1
DA:77,2
DA:79,1
DA:80,1
DA:84,3
DA:87,1
DA:88,3
DA:90,2
DA:91,0
DA:92,0
DA:94,1
DA:95,1
DA:99,3
DA:102,1
DA:103,3
DA:104,1
DA:105,1
LF:50
LH:47
end_of_record
SF:lib\features\watchlist\domain\usecases\get_watchlist_movies.dart
DA:9,1
DA:11,1
DA:12,2
LF:3
LH:3
end_of_record
SF:lib\features\watchlist\domain\usecases\get_watchlist_status.dart
DA:6,1
DA:8,1
DA:9,2
LF:3
LH:3
end_of_record
SF:lib\features\watchlist\domain\usecases\remove_watchlist.dart
DA:9,1
DA:11,1
DA:12,2
LF:3
LH:3
end_of_record
SF:lib\features\watchlist\domain\usecases\save_watchlist.dart
DA:9,1
DA:11,1
DA:12,2
LF:3
LH:3
end_of_record
SF:lib\common\constants.dart
DA:17,4
DA:18,2
DA:19,6
DA:21,0
DA:23,6
DA:25,0
DA:32,0
DA:33,0
DA:34,0
DA:35,0
DA:36,0
LF:11
LH:4
end_of_record
SF:lib\features\movies\presentation\pages\movie_detail_page.dart
DA:16,1
DA:18,1
DA:19,1
DA:23,1
DA:25,1
DA:26,2
DA:27,5
DA:28,5
DA:32,1
DA:34,1
DA:35,1
DA:36,1
DA:37,2
DA:38,0
DA:39,0
DA:41,2
DA:42,1
DA:43,1
DA:44,1
DA:46,1
DA:47,1
DA:51,0
DA:64,1
DA:66,1
DA:68,1
DA:69,1
DA:70,1
DA:71,1
DA:74,1
DA:75,1
DA:76,1
DA:78,1
DA:79,1
DA:81,1
DA:82,3
DA:88,1
DA:98,1
DA:100,1
DA:102,1
DA:103,2
DA:105,1
DA:108,1
DA:112,1
DA:113,1
DA:114,3
DA:118,1
DA:122,1
DA:123,1
DA:124,1
DA:125,4
DA:127,0
DA:130,2
DA:132,2
DA:133,4
DA:135,1
DA:137,1
DA:138,1
DA:139,1
DA:144,1
DA:145,1
DA:146,3
DA:147,1
DA:149,1
DA:160,1
DA:161,1
DA:166,1
DA:168,1
DA:169,1
DA:171,1
DA:172,1
DA:173,3
DA:175,2
DA:181,1
DA:184,1
DA:186,1
DA:187,1
DA:188,3
DA:192,1
DA:193,1
DA:195,1
DA:197,1
DA:198,2
DA:200,1
DA:201,1
DA:203,1
DA:205,1
DA:206,1
DA:207,2
DA:208,0
DA:209,0
DA:211,2
DA:212,0
DA:213,2
DA:214,1
DA:216,1
DA:218,0
DA:219,0
DA:220,0
DA:222,0
DA:223,0
DA:224,0
DA:227,0
DA:230,0
DA:231,0
DA:232,0
DA:234,0
DA:235,0
DA:242,2
DA:246,0
DA:258,1
DA:260,2
DA:261,3
DA:264,1
DA:268,3
DA:271,1
DA:272,1
DA:273,1
DA:275,1
DA:276,1
DA:278,0
LF:120
LH:99
end_of_record
SF:lib\features\movies\presentation\widgets\custom_cache_image.dart
DA:8,2
DA:14,2
DA:16,2
DA:18,2
DA:19,2
DA:20,2
DA:21,2
DA:22,2
DA:23,4
DA:26,2
DA:27,2
DA:29,0
LF:12
LH:11
end_of_record
SF:lib\features\tv_series\presentation\pages\popular_tv_series_page.dart
DA:10,1
DA:11,1
DA:15,1
DA:17,1
DA:18,2
DA:19,2
DA:20,1
DA:23,1
DA:25,1
DA:26,1
DA:27,1
DA:29,1
DA:31,1
DA:32,1
DA:33,2
DA:34,1
DA:35,1
DA:37,2
DA:38,1
DA:39,0
DA:40,0
DA:41,0
DA:43,2
DA:46,1
DA:47,1
DA:48,2
LF:26
LH:23
end_of_record
SF:lib\features\tv_series\presentation\widget\tv_series_card_list.dart
DA:9,0
DA:11,0
DA:13,0
DA:15,0
DA:16,0
DA:23,0
DA:25,0
DA:26,0
DA:27,0
DA:33,0
DA:35,0
DA:36,0
DA:37,0
DA:40,0
DA:42,0
DA:43,0
DA:44,0
DA:52,0
DA:57,0
DA:58,0
DA:59,0
DA:63,0
LF:22
LH:0
end_of_record
SF:lib\features\tv_series\presentation\pages\tv_series_detail_page.dart
DA:17,1
DA:19,1
DA:20,1
DA:24,1
DA:26,1
DA:27,2
DA:28,5
DA:29,5
DA:33,1
DA:35,1
DA:36,1
DA:37,1
DA:38,2
DA:39,0
DA:40,0
DA:42,2
DA:43,1
DA:44,1
DA:45,1
DA:46,1
DA:47,1
DA:50,1
DA:55,0
DA:69,1
DA:71,1
DA:72,1
DA:80,1
DA:82,1
DA:83,2
DA:84,4
DA:85,2
DA:89,1
DA:91,1
DA:92,1
DA:93,1
DA:94,1
DA:97,1
DA:98,1
DA:100,1
DA:102,1
DA:103,1
DA:105,1
DA:106,4
DA:112,1
DA:122,1
DA:124,1
DA:126,1
DA:127,3
DA:129,1
DA:132,1
DA:136,1
DA:137,1
DA:138,4
DA:142,1
DA:146,1
DA:147,1
DA:148,2
DA:149,5
DA:151,0
DA:154,2
DA:156,2
DA:157,4
DA:159,1
DA:161,1
DA:162,1
DA:163,1
DA:168,1
DA:169,1
DA:170,4
DA:171,1
DA:173,1
DA:183,1
DA:184,1
DA:189,1
DA:191,1
DA:192,1
DA:194,1
DA:195,1
DA:196,4
DA:198,2
DA:204,1
DA:207,1
DA:208,1
DA:209,5
DA:210,1
DA:213,1
DA:215,1
DA:216,1
DA:217,5
DA:223,1
DA:224,1
DA:226,1
DA:228,1
DA:229,3
DA:235,1
DA:236,3
DA:237,1
DA:238,1
DA:240,2
DA:243,1
DA:244,1
DA:246,1
DA:247,1
DA:253,2
DA:254,2
DA:255,0
DA:256,0
DA:257,0
DA:261,4
DA:267,1
DA:268,1
DA:269,1
DA:270,2
DA:271,0
DA:272,0
DA:274,2
DA:275,0
DA:276,2
DA:277,1
DA:280,1
DA:283,0
DA:284,0
DA:285,0
DA:287,0
DA:288,0
DA:289,0
DA:292,0
DA:295,0
DA:296,0
DA:297,0
DA:299,0
DA:300,0
DA:307,3
DA:311,0
DA:317,0
DA:318,0
DA:320,0
DA:322,0
DA:323,0
DA:324,0
DA:326,0
DA:327,0
DA:328,0
DA:329,0
DA:330,0
DA:331,0
DA:332,0
DA:334,0
DA:335,0
DA:337,0
DA:339,0
DA:340,0
DA:341,0
DA:342,0
DA:344,0
DA:348,0
DA:349,0
DA:350,0
DA:351,0
DA:352,0
DA:353,0
DA:354,0
DA:356,0
DA:357,0
DA:361,0
DA:362,0
DA:364,0
DA:365,0
DA:367,0
DA:368,0
DA:369,0
DA:373,0
DA:374,0
DA:376,0
DA:377,0
DA:378,0
DA:381,0
DA:386,0
DA:387,0
DA:388,0
DA:393,0
DA:397,0
DA:406,1
DA:408,2
DA:409,3
DA:412,1
DA:416,3
DA:419,1
DA:420,1
DA:421,1
DA:423,1
DA:424,0
DA:426,1
LF:193
LH:121
end_of_record
SF:lib\common\api_url.dart
DA:13,2
DA:15,1
DA:16,1
DA:18,1
DA:19,1
DA:21,1
DA:22,1
LF:7
LH:7
end_of_record
SF:lib\features\movies\data\models\movie_response.dart
DA:7,2
DA:9,4
DA:10,4
DA:11,6
DA:12,6
DA:15,2
DA:16,5
DA:19,1
DA:20,2
LF:9
LH:9
end_of_record
SF:lib\features\movies\data\models\genre_model.dart
DA:5,4
DA:13,4
DA:14,2
DA:15,2
DA:18,0
DA:19,0
DA:20,0
DA:23,2
DA:24,6
DA:27,2
DA:28,6
LF:11
LH:8
end_of_record
SF:lib\features\tv_series\data\models\tv_series_response.dart
DA:6,2
DA:12,2
DA:13,2
DA:14,2
DA:15,8
DA:18,2
DA:19,5
DA:22,1
DA:23,2
LF:9
LH:9
end_of_record
SF:lib\features\tv_series\data\models\episode_response.dart
DA:5,2
DA:25,2
DA:26,2
DA:27,2
DA:28,2
DA:29,2
DA:30,8
DA:31,2
DA:32,2
DA:33,2
DA:34,2
DA:35,2
DA:38,2
DA:39,1
DA:40,1
DA:41,5
DA:42,1
DA:43,1
DA:44,1
DA:45,1
DA:46,1
DA:49,1
DA:50,1
DA:51,1
DA:52,1
DA:53,1
DA:54,1
DA:55,1
DA:56,1
DA:57,1
DA:58,1
LF:31
LH:31
end_of_record
SF:lib\features\movies\data\repositories\movie_repository_impl.dart
DA:20,1
DA:27,1
DA:29,3
DA:31,3
DA:32,2
DA:33,4
DA:34,5
DA:35,1
DA:36,2
DA:43,3
DA:44,5
DA:45,0
DA:46,0
DA:52,1
DA:54,3
DA:55,2
DA:56,1
DA:57,2
DA:58,1
DA:59,2
DA:64,1
DA:66,3
DA:67,3
DA:68,1
DA:69,2
DA:70,1
DA:71,2
DA:76,1
DA:78,3
DA:79,5
DA:80,1
DA:81,2
DA:82,1
DA:83,2
DA:88,1
DA:90,3
DA:91,5
DA:92,1
DA:93,2
DA:94,1
DA:95,2
DA:100,1
DA:102,3
DA:103,5
DA:104,1
DA:105,2
DA:106,1
DA:107,2
DA:112,1
DA:115,4
DA:116,1
DA:117,1
DA:118,3
DA:125,1
DA:128,4
DA:129,1
DA:130,1
DA:131,3
DA:136,1
DA:137,3
DA:142,1
DA:143,3
DA:144,5
LF:63
LH:61
end_of_record
SF:lib\features\movies\presentation\pages\popular_movies_page.dart
DA:10,1
DA:11,1
DA:15,1
DA:17,1
DA:18,2
DA:19,2
DA:20,1
DA:23,1
DA:25,1
DA:26,1
DA:27,1
DA:29,1
DA:31,1
DA:32,1
DA:33,2
DA:34,1
DA:35,1
DA:37,2
DA:38,1
DA:39,0
DA:40,0
DA:41,0
DA:43,2
DA:46,1
DA:47,1
DA:48,2
LF:26
LH:23
end_of_record
SF:lib\features\movies\presentation\widgets\movie_card_list.dart
DA:11,0
DA:13,0
DA:15,0
DA:17,0
DA:18,0
DA:19,0
DA:22,0
DA:25,0
DA:27,0
DA:28,0
DA:29,0
DA:35,0
DA:37,0
DA:38,0
DA:39,0
DA:42,0
DA:44,0
DA:45,0
DA:46,0
DA:54,0
DA:59,0
DA:60,0
DA:61,0
DA:65,0
LF:24
LH:0
end_of_record
SF:lib\features\movies\presentation\pages\top_rated_movies_page.dart
DA:10,1
DA:11,1
DA:15,1
DA:17,1
DA:18,2
DA:19,2
DA:20,1
DA:23,1
DA:25,1
DA:26,1
DA:27,1
DA:29,1
DA:31,1
DA:32,1
DA:33,2
DA:34,1
DA:35,1
DA:37,2
DA:38,1
DA:39,0
DA:40,0
DA:41,0
DA:43,2
DA:46,1
DA:47,1
DA:48,2
LF:26
LH:23
end_of_record
SF:lib\features\movies\presentation\provider\movie_list_notifier.dart
DA:10,2
DA:13,2
DA:16,2
DA:19,2
DA:22,2
DA:25,2
DA:28,2
DA:30,1
DA:40,1
DA:41,1
DA:42,1
DA:44,3
DA:45,1
DA:46,1
DA:47,1
DA:48,2
DA:49,1
DA:51,1
DA:52,1
DA:53,1
DA:54,1
DA:59,1
DA:60,1
DA:61,1
DA:63,3
DA:64,1
DA:65,1
DA:66,1
DA:67,2
DA:68,1
DA:70,1
DA:71,1
DA:72,1
DA:73,1
DA:78,1
DA:79,1
DA:80,1
DA:82,3
DA:83,1
DA:84,1
DA:85,1
DA:86,2
DA:87,1
DA:89,1
DA:90,1
DA:91,1
DA:92,1
LF:47
LH:47
end_of_record
SF:lib\features\search\presentation\provider\movie_search_notifier.dart
DA:9,1
DA:12,2
DA:15,2
DA:18,2
DA:20,1
DA:21,1
DA:22,1
DA:24,3
DA:25,1
DA:26,1
DA:27,2
DA:28,1
DA:29,1
DA:31,1
DA:32,1
DA:33,1
DA:34,1
LF:17
LH:17
end_of_record
SF:lib\features\search\domain\usecases\search_tv_series.dart
DA:9,1
DA:11,1
DA:12,2
LF:3
LH:3
end_of_record
SF:lib\features\tv_series\data\repositories\tv_series_repository_impl.dart
DA:18,1
DA:21,1
DA:22,3
DA:24,3
DA:25,5
DA:26,1
DA:27,2
DA:30,0
DA:34,1
DA:35,3
DA:37,3
DA:38,2
DA:39,1
DA:40,2
DA:43,0
DA:47,1
DA:48,3
DA:50,3
DA:51,3
DA:52,1
DA:53,2
DA:56,0
DA:60,1
DA:61,3
DA:63,3
DA:64,5
DA:65,1
DA:66,2
DA:69,0
DA:73,1
DA:74,3
DA:76,3
DA:77,5
DA:78,1
DA:79,2
DA:82,0
DA:86,1
DA:87,3
DA:89,3
DA:91,5
DA:92,1
DA:93,2
DA:96,0
DA:100,1
DA:101,3
DA:102,5
DA:106,1
DA:107,3
DA:112,1
DA:114,4
DA:115,1
DA:116,1
DA:117,3
DA:124,1
DA:126,4
DA:127,1
DA:128,1
DA:129,3
LF:58
LH:52
end_of_record
SF:lib\features\tv_series\presentation\pages\on_air_tv_series_page.dart
DA:10,1
DA:11,1
DA:15,1
DA:17,1
DA:18,2
DA:19,2
DA:20,1
DA:23,1
DA:25,1
DA:26,1
DA:27,1
DA:29,1
DA:31,1
DA:32,1
DA:33,2
DA:34,1
DA:35,1
DA:37,2
DA:38,1
DA:39,2
DA:40,0
DA:41,0
DA:42,0
DA:46,1
DA:47,1
DA:48,2
LF:26
LH:23
end_of_record
SF:lib\features\tv_series\presentation\providers\tv_series_list_notifier.dart
DA:9,2
DA:12,2
DA:15,2
DA:18,2
DA:21,2
DA:23,1
DA:29,1
DA:30,1
DA:31,1
DA:33,3
DA:34,2
DA:35,1
DA:36,2
DA:37,1
DA:38,1
DA:39,1
DA:40,1
DA:41,1
DA:45,1
DA:46,1
DA:47,1
DA:48,3
DA:49,2
DA:50,2
DA:51,1
DA:52,1
DA:53,1
DA:54,1
DA:55,1
DA:56,1
LF:30
LH:30
end_of_record
SF:lib\features\watchlist\presentation\provider\watchlist_movie_notifier.dart
DA:9,2
DA:12,2
DA:15,2
DA:17,1
DA:21,1
DA:22,1
DA:23,1
DA:25,3
DA:26,1
DA:27,1
DA:28,1
DA:29,2
DA:30,1
DA:32,1
DA:33,1
DA:34,1
DA:35,1
LF:17
LH:17
end_of_record
SF:lib\features\watchlist\presentation\provider\watchlist_tv_notifier.dart
DA:9,2
DA:12,2
DA:15,2
DA:18,1
DA:20,1
DA:21,1
DA:22,1
DA:24,3
DA:25,1
DA:26,1
DA:27,1
DA:28,2
DA:29,1
DA:31,1
DA:32,1
DA:33,1
DA:34,1
LF:17
LH:17
end_of_record
